{"uuid":"1bbc6376-babd-4ae9-870f-109eb7eee48f","historyId":"811be5a269124fa9f3b7b2144040f126","testCaseId":"3389b9a77593386f8e35372c0e498461","fullName":"src/test/resources/Features/D_programbatch.feature:32","labels":[{"name":"tag","value":"batch"},{"name":"host","value":"LAPTOP-77V78I17"},{"name":"thread","value":"108@LAPTOP-77V78I17.main(1)"},{"name":"feature","value":"Post Request Program Batch module"},{"name":"story","value":"create batches with different examples"},{"name":"suite","value":"Post Request Program Batch module"},{"name":"testClass","value":"create batches with different examples"},{"name":"framework","value":"cucumber4jvm"},{"name":"language","value":"java"},{"name":"gherkin_uri","value":"file:///C:/Users/User/Desktop/Git%20Project_Final/RestAssured/src/test/resources/Features/D_programbatch.feature"},{"name":"package","value":"src.test.resources.Features.D_programbatch_feature.Post Request Program Batch module"}],"links":[],"name":"create batches with different examples","status":"failed","statusDetails":{"known":false,"muted":false,"flaky":false,"message":" Expected status code returned expected [400] but found [404]","trace":"java.lang.AssertionError:  Expected status code returned expected [400] but found [404]\r\n\tat org.testng.Assert.fail(Assert.java:111)\r\n\tat org.testng.Assert.failNotEquals(Assert.java:1578)\r\n\tat org.testng.Assert.assertEqualsImpl(Assert.java:150)\r\n\tat org.testng.Assert.assertEquals(Assert.java:132)\r\n\tat org.testng.Assert.assertEquals(Assert.java:1419)\r\n\tat org.testng.Assert.assertEquals(Assert.java:1407)\r\n\tat stepDefinations.Batch.gets_with_batch_response_body(Batch.java:176)\r\n\tat ✽.Gets  400 with batch response body(file:///C:/Users/User/Desktop/Git%20Project_Final/RestAssured/src/test/resources/Features/D_programbatch.feature:24)\r\n"},"stage":"finished","steps":[{"name":"Given Authorized with bearer Token \"Post_missing_additional_fields_null\"","status":"passed","statusDetails":{"known":false,"muted":false,"flaky":false},"stage":"finished","steps":[],"attachments":[],"parameters":[],"start":1712068336976,"stop":1712068336977},{"name":"When Sends HTTP Post batch request with valid endpoints and Read data \"\" \"SDETapi\" 4 \"active\" 17204","status":"passed","statusDetails":{"known":false,"muted":false,"flaky":false},"stage":"finished","steps":[],"attachments":[],"parameters":[],"start":1712068336977,"stop":1712068337176},{"name":"Then Gets  400 with batch response body","status":"failed","statusDetails":{"known":false,"muted":false,"flaky":false,"message":" Expected status code returned expected [400] but found [404]","trace":"java.lang.AssertionError:  Expected status code returned expected [400] but found [404]\r\n\tat org.testng.Assert.fail(Assert.java:111)\r\n\tat org.testng.Assert.failNotEquals(Assert.java:1578)\r\n\tat org.testng.Assert.assertEqualsImpl(Assert.java:150)\r\n\tat org.testng.Assert.assertEquals(Assert.java:132)\r\n\tat org.testng.Assert.assertEquals(Assert.java:1419)\r\n\tat org.testng.Assert.assertEquals(Assert.java:1407)\r\n\tat stepDefinations.Batch.gets_with_batch_response_body(Batch.java:176)\r\n\tat ✽.Gets  400 with batch response body(file:///C:/Users/User/Desktop/Git%20Project_Final/RestAssured/src/test/resources/Features/D_programbatch.feature:24)\r\n"},"stage":"finished","steps":[],"attachments":[],"parameters":[],"start":1712068337176,"stop":1712068337183}],"attachments":[],"parameters":[{"name":"scenario","value":"Post_missing_additional_fields_null"},{"name":"Batchdescription","value":""},{"name":"Batchname","value":"SDETapi"},{"name":"Batchnoclasses","value":"4"},{"name":"Batchstatus","value":"active"},{"name":"programID","value":"17204"},{"name":"statuscode","value":"400"}],"start":1712068336971,"stop":1712068337185}