{"uuid":"28b786e0-ee8a-49d1-8fad-5efefd365d0c","historyId":"93d8723d750f1a7ca2b12420a8036dc3","testCaseId":"dc4e9e92fb6ee71c83845d93b0b81906","fullName":"src/test/resources/Features/programbatch.feature:32","labels":[{"name":"tag","value":"batch"},{"name":"host","value":"Sathishs-MacBook-Air.local"},{"name":"thread","value":"4973@Sathishs-MacBook-Air.local.main(1)"},{"name":"feature","value":"Post Request Program Batch module"},{"name":"story","value":"create batches with different examples"},{"name":"suite","value":"Post Request Program Batch module"},{"name":"testClass","value":"create batches with different examples"},{"name":"framework","value":"cucumber4jvm"},{"name":"language","value":"java"},{"name":"gherkin_uri","value":"file:///Users/sathishkumar/git/RestAssured/src/test/resources/Features/programbatch.feature"},{"name":"package","value":"src.test.resources.Features.programbatch_feature.Post Request Program Batch module"}],"links":[],"name":"create batches with different examples","status":"failed","statusDetails":{"known":false,"muted":false,"flaky":false,"message":" Expected status code returned expected [400] but found [401]","trace":"java.lang.AssertionError:  Expected status code returned expected [400] but found [401]\n\tat org.testng.Assert.fail(Assert.java:111)\n\tat org.testng.Assert.failNotEquals(Assert.java:1578)\n\tat org.testng.Assert.assertEqualsImpl(Assert.java:150)\n\tat org.testng.Assert.assertEquals(Assert.java:132)\n\tat org.testng.Assert.assertEquals(Assert.java:1419)\n\tat org.testng.Assert.assertEquals(Assert.java:1407)\n\tat stepDefinations.Batch.gets_with_batch_response_body(Batch.java:169)\n\tat ✽.Gets  400 with batch response body(file:///Users/sathishkumar/git/RestAssured/src/test/resources/Features/programbatch.feature:24)\n"},"stage":"finished","steps":[{"name":"Given Authorized with bearer Token \"Post_missing_additional_fields_null\"","status":"passed","statusDetails":{"known":false,"muted":false,"flaky":false},"stage":"finished","steps":[],"attachments":[],"parameters":[],"start":1711972966700,"stop":1711972966701},{"name":"When Sends HTTP Post batch request with valid endpoints and Read data \"\" \"SDETapi\" 4 \"active\" 16306","status":"passed","statusDetails":{"known":false,"muted":false,"flaky":false},"stage":"finished","steps":[],"attachments":[],"parameters":[],"start":1711972966701,"stop":1711972966905},{"name":"Then Gets  400 with batch response body","status":"failed","statusDetails":{"known":false,"muted":false,"flaky":false,"message":" Expected status code returned expected [400] but found [401]","trace":"java.lang.AssertionError:  Expected status code returned expected [400] but found [401]\n\tat org.testng.Assert.fail(Assert.java:111)\n\tat org.testng.Assert.failNotEquals(Assert.java:1578)\n\tat org.testng.Assert.assertEqualsImpl(Assert.java:150)\n\tat org.testng.Assert.assertEquals(Assert.java:132)\n\tat org.testng.Assert.assertEquals(Assert.java:1419)\n\tat org.testng.Assert.assertEquals(Assert.java:1407)\n\tat stepDefinations.Batch.gets_with_batch_response_body(Batch.java:169)\n\tat ✽.Gets  400 with batch response body(file:///Users/sathishkumar/git/RestAssured/src/test/resources/Features/programbatch.feature:24)\n"},"stage":"finished","steps":[],"attachments":[],"parameters":[],"start":1711972966906,"stop":1711972966907}],"attachments":[],"parameters":[{"name":"scenario","value":"Post_missing_additional_fields_null"},{"name":"Batchdescription","value":""},{"name":"Batchname","value":"SDETapi"},{"name":"Batchnoclasses","value":"4"},{"name":"Batchstatus","value":"active"},{"name":"programID","value":"16306"},{"name":"statuscode","value":"400"}],"start":1711972966694,"stop":1711972966908}