{"uuid":"3d25ade3-3915-40b9-83ff-b8c854360cc0","historyId":"715a5910f585b3119b541a62125e4039","testCaseId":"a7fc042a1cc84951de694cc4b736d618","fullName":"src/test/resources/Features/C_programbatch.feature:34","labels":[{"name":"tag","value":"batch"},{"name":"host","value":"LAPTOP-77V78I17"},{"name":"thread","value":"9820@LAPTOP-77V78I17.main(1)"},{"name":"feature","value":"Post Request Program Batch module"},{"name":"story","value":"create batches with different examples"},{"name":"suite","value":"Post Request Program Batch module"},{"name":"testClass","value":"create batches with different examples"},{"name":"framework","value":"cucumber4jvm"},{"name":"language","value":"java"},{"name":"gherkin_uri","value":"file:///C:/Users/User/Desktop/Git%20Project_Final/RestAssured/src/test/resources/Features/C_programbatch.feature"},{"name":"package","value":"src.test.resources.Features.C_programbatch_feature.Post Request Program Batch module"}],"links":[],"name":"create batches with different examples","status":"failed","statusDetails":{"known":false,"muted":false,"flaky":false,"message":" Expected status code returned expected [400] but found [404]","trace":"java.lang.AssertionError:  Expected status code returned expected [400] but found [404]\r\n\tat org.testng.Assert.fail(Assert.java:111)\r\n\tat org.testng.Assert.failNotEquals(Assert.java:1578)\r\n\tat org.testng.Assert.assertEqualsImpl(Assert.java:150)\r\n\tat org.testng.Assert.assertEquals(Assert.java:132)\r\n\tat org.testng.Assert.assertEquals(Assert.java:1419)\r\n\tat org.testng.Assert.assertEquals(Assert.java:1407)\r\n\tat stepDefinations.Batch.gets_with_batch_response_body(Batch.java:176)\r\n\tat ✽.Gets  400 with batch response body(file:///C:/Users/User/Desktop/Git%20Project_Final/RestAssured/src/test/resources/Features/C_programbatch.feature:24)\r\n"},"stage":"finished","steps":[{"name":"Given Authorized with bearer Token \"Post_invalid_data\"","status":"passed","statusDetails":{"known":false,"muted":false,"flaky":false},"stage":"finished","steps":[],"attachments":[],"parameters":[],"start":1712074854899,"stop":1712074854899},{"name":"When Sends HTTP Post batch request with valid endpoints and Read data \"API_hackathon_march24\" \"SDET\" 4 \"active\" 16323","status":"passed","statusDetails":{"known":false,"muted":false,"flaky":false},"stage":"finished","steps":[],"attachments":[],"parameters":[],"start":1712074854901,"stop":1712074855281},{"name":"Then Gets  400 with batch response body","status":"failed","statusDetails":{"known":false,"muted":false,"flaky":false,"message":" Expected status code returned expected [400] but found [404]","trace":"java.lang.AssertionError:  Expected status code returned expected [400] but found [404]\r\n\tat org.testng.Assert.fail(Assert.java:111)\r\n\tat org.testng.Assert.failNotEquals(Assert.java:1578)\r\n\tat org.testng.Assert.assertEqualsImpl(Assert.java:150)\r\n\tat org.testng.Assert.assertEquals(Assert.java:132)\r\n\tat org.testng.Assert.assertEquals(Assert.java:1419)\r\n\tat org.testng.Assert.assertEquals(Assert.java:1407)\r\n\tat stepDefinations.Batch.gets_with_batch_response_body(Batch.java:176)\r\n\tat ✽.Gets  400 with batch response body(file:///C:/Users/User/Desktop/Git%20Project_Final/RestAssured/src/test/resources/Features/C_programbatch.feature:24)\r\n"},"stage":"finished","steps":[],"attachments":[],"parameters":[],"start":1712074855282,"stop":1712074855287}],"attachments":[],"parameters":[{"name":"scenario","value":"Post_invalid_data"},{"name":"Batchdescription","value":"API_hackathon_march24"},{"name":"Batchname","value":"SDET"},{"name":"Batchnoclasses","value":"4"},{"name":"Batchstatus","value":"active"},{"name":"programID","value":"16323"},{"name":"statuscode","value":"400"}],"start":1712074854882,"stop":1712074855290}