{"uuid":"4048f947-4671-4789-bdcb-35ed523e0002","historyId":"f67811311001409d414da7aaf74e6b55","testCaseId":"3389b9a77593386f8e35372c0e498461","fullName":"src/test/resources/Features/D_programbatch.feature:29","labels":[{"name":"tag","value":"batch"},{"name":"host","value":"LAPTOP-77V78I17"},{"name":"thread","value":"108@LAPTOP-77V78I17.main(1)"},{"name":"feature","value":"Post Request Program Batch module"},{"name":"story","value":"create batches with different examples"},{"name":"suite","value":"Post Request Program Batch module"},{"name":"testClass","value":"create batches with different examples"},{"name":"framework","value":"cucumber4jvm"},{"name":"language","value":"java"},{"name":"gherkin_uri","value":"file:///C:/Users/User/Desktop/Git%20Project_Final/RestAssured/src/test/resources/Features/D_programbatch.feature"},{"name":"package","value":"src.test.resources.Features.D_programbatch_feature.Post Request Program Batch module"}],"links":[],"name":"create batches with different examples","status":"failed","statusDetails":{"known":false,"muted":false,"flaky":false,"message":" Expected status code returned expected [400] but found [404]","trace":"java.lang.AssertionError:  Expected status code returned expected [400] but found [404]\r\n\tat org.testng.Assert.fail(Assert.java:111)\r\n\tat org.testng.Assert.failNotEquals(Assert.java:1578)\r\n\tat org.testng.Assert.assertEqualsImpl(Assert.java:150)\r\n\tat org.testng.Assert.assertEquals(Assert.java:132)\r\n\tat org.testng.Assert.assertEquals(Assert.java:1419)\r\n\tat org.testng.Assert.assertEquals(Assert.java:1407)\r\n\tat stepDefinations.Batch.gets_with_batch_response_body(Batch.java:176)\r\n\tat ✽.Gets  400 with batch response body(file:///C:/Users/User/Desktop/Git%20Project_Final/RestAssured/src/test/resources/Features/D_programbatch.feature:24)\r\n"},"stage":"finished","steps":[{"name":"Given Authorized with bearer Token \"Create_batch_with_existing_data\"","status":"passed","statusDetails":{"known":false,"muted":false,"flaky":false},"stage":"finished","steps":[],"attachments":[],"parameters":[],"start":1712068336065,"stop":1712068336066},{"name":"When Sends HTTP Post batch request with valid endpoints and Read data \"API_hackathon_march24\" \"SDETPrograms2\" 4 \"active\" 17204","status":"passed","statusDetails":{"known":false,"muted":false,"flaky":false},"stage":"finished","steps":[],"attachments":[],"parameters":[],"start":1712068336067,"stop":1712068336271},{"name":"Then Gets  400 with batch response body","status":"failed","statusDetails":{"known":false,"muted":false,"flaky":false,"message":" Expected status code returned expected [400] but found [404]","trace":"java.lang.AssertionError:  Expected status code returned expected [400] but found [404]\r\n\tat org.testng.Assert.fail(Assert.java:111)\r\n\tat org.testng.Assert.failNotEquals(Assert.java:1578)\r\n\tat org.testng.Assert.assertEqualsImpl(Assert.java:150)\r\n\tat org.testng.Assert.assertEquals(Assert.java:132)\r\n\tat org.testng.Assert.assertEquals(Assert.java:1419)\r\n\tat org.testng.Assert.assertEquals(Assert.java:1407)\r\n\tat stepDefinations.Batch.gets_with_batch_response_body(Batch.java:176)\r\n\tat ✽.Gets  400 with batch response body(file:///C:/Users/User/Desktop/Git%20Project_Final/RestAssured/src/test/resources/Features/D_programbatch.feature:24)\r\n"},"stage":"finished","steps":[],"attachments":[],"parameters":[],"start":1712068336271,"stop":1712068336274}],"attachments":[],"parameters":[{"name":"scenario","value":"Create_batch_with_existing_data"},{"name":"Batchdescription","value":"API_hackathon_march24"},{"name":"Batchname","value":"SDETPrograms2"},{"name":"Batchnoclasses","value":"4"},{"name":"Batchstatus","value":"active"},{"name":"programID","value":"17204"},{"name":"statuscode","value":"400"}],"start":1712068336061,"stop":1712068336277}