{"uuid":"7e23a3f4-d8d1-42ee-84c8-1ef292e887f6","historyId":"a882db0669633a7cc97a051fbfd83b66","testCaseId":"a7fc042a1cc84951de694cc4b736d618","fullName":"src/test/resources/Features/C_programbatch.feature:31","labels":[{"name":"tag","value":"batch"},{"name":"host","value":"LAPTOP-77V78I17"},{"name":"thread","value":"17852@LAPTOP-77V78I17.main(1)"},{"name":"feature","value":"Post Request Program Batch module"},{"name":"story","value":"create batches with different examples"},{"name":"suite","value":"Post Request Program Batch module"},{"name":"testClass","value":"create batches with different examples"},{"name":"framework","value":"cucumber4jvm"},{"name":"language","value":"java"},{"name":"gherkin_uri","value":"file:///C:/Users/User/Desktop/Git%20Project%201st%20April%20part2/RestAssured/src/test/resources/Features/C_programbatch.feature"},{"name":"package","value":"src.test.resources.Features.C_programbatch_feature.Post Request Program Batch module"}],"links":[],"name":"create batches with different examples","status":"failed","statusDetails":{"known":false,"muted":false,"flaky":false,"message":" Expected status code returned expected [201] but found [404]","trace":"java.lang.AssertionError:  Expected status code returned expected [201] but found [404]\r\n\tat org.testng.Assert.fail(Assert.java:111)\r\n\tat org.testng.Assert.failNotEquals(Assert.java:1578)\r\n\tat org.testng.Assert.assertEqualsImpl(Assert.java:150)\r\n\tat org.testng.Assert.assertEquals(Assert.java:132)\r\n\tat org.testng.Assert.assertEquals(Assert.java:1419)\r\n\tat org.testng.Assert.assertEquals(Assert.java:1407)\r\n\tat stepDefinations.Batch.gets_with_batch_response_body(Batch.java:173)\r\n\tat ✽.Gets  201 with batch response body(file:///C:/Users/User/Desktop/Git%20Project%201st%20April%20part2/RestAssured/src/test/resources/Features/C_programbatch.feature:24)\r\n"},"stage":"finished","steps":[{"name":"Given Authorized with bearer Token \"Post_missing_additional_fields_null\"","status":"passed","statusDetails":{"known":false,"muted":false,"flaky":false},"stage":"finished","steps":[],"attachments":[],"parameters":[],"start":1712019587029,"stop":1712019587030},{"name":"When Sends HTTP Post batch request with valid endpoints and Read data \"null\" \"SDETrestss1\" 4 \"active\" 16306","status":"passed","statusDetails":{"known":false,"muted":false,"flaky":false},"stage":"finished","steps":[],"attachments":[],"parameters":[],"start":1712019587030,"stop":1712019587310},{"name":"Then Gets  201 with batch response body","status":"failed","statusDetails":{"known":false,"muted":false,"flaky":false,"message":" Expected status code returned expected [201] but found [404]","trace":"java.lang.AssertionError:  Expected status code returned expected [201] but found [404]\r\n\tat org.testng.Assert.fail(Assert.java:111)\r\n\tat org.testng.Assert.failNotEquals(Assert.java:1578)\r\n\tat org.testng.Assert.assertEqualsImpl(Assert.java:150)\r\n\tat org.testng.Assert.assertEquals(Assert.java:132)\r\n\tat org.testng.Assert.assertEquals(Assert.java:1419)\r\n\tat org.testng.Assert.assertEquals(Assert.java:1407)\r\n\tat stepDefinations.Batch.gets_with_batch_response_body(Batch.java:173)\r\n\tat ✽.Gets  201 with batch response body(file:///C:/Users/User/Desktop/Git%20Project%201st%20April%20part2/RestAssured/src/test/resources/Features/C_programbatch.feature:24)\r\n"},"stage":"finished","steps":[],"attachments":[],"parameters":[],"start":1712019587311,"stop":1712019587314}],"attachments":[],"parameters":[{"name":"scenario","value":"Post_missing_additional_fields_null"},{"name":"Batchdescription","value":"null"},{"name":"Batchname","value":"SDETrestss1"},{"name":"Batchnoclasses","value":"4"},{"name":"Batchstatus","value":"active"},{"name":"programID","value":"16306"},{"name":"statuscode","value":"201"}],"start":1712019587029,"stop":1712019587316}