{"uuid":"bf3a3617-727c-4968-98e5-50716be67699","historyId":"cbb6734461b1b7716b063f09f64bbe47","testCaseId":"3389b9a77593386f8e35372c0e498461","fullName":"src/test/resources/Features/D_programbatch.feature:31","labels":[{"name":"tag","value":"batch"},{"name":"host","value":"Sathishs-MacBook-Air.local"},{"name":"thread","value":"7266@Sathishs-MacBook-Air.local.main(1)"},{"name":"feature","value":"Post Request Program Batch module"},{"name":"story","value":"create batches with different examples"},{"name":"suite","value":"Post Request Program Batch module"},{"name":"testClass","value":"create batches with different examples"},{"name":"framework","value":"cucumber4jvm"},{"name":"language","value":"java"},{"name":"gherkin_uri","value":"file:///Users/sathishkumar/git/RestAssured/src/test/resources/Features/D_programbatch.feature"},{"name":"package","value":"src.test.resources.Features.D_programbatch_feature.Post Request Program Batch module"}],"links":[],"name":"create batches with different examples","status":"failed","statusDetails":{"known":false,"muted":false,"flaky":false,"message":" Expected status code returned expected [201] but found [400]","trace":"java.lang.AssertionError:  Expected status code returned expected [201] but found [400]\n\tat org.testng.Assert.fail(Assert.java:111)\n\tat org.testng.Assert.failNotEquals(Assert.java:1578)\n\tat org.testng.Assert.assertEqualsImpl(Assert.java:150)\n\tat org.testng.Assert.assertEquals(Assert.java:132)\n\tat org.testng.Assert.assertEquals(Assert.java:1419)\n\tat org.testng.Assert.assertEquals(Assert.java:1407)\n\tat stepDefinations.Batch.gets_with_batch_response_body(Batch.java:170)\n\tat ✽.Gets  201 with batch response body(file:///Users/sathishkumar/git/RestAssured/src/test/resources/Features/D_programbatch.feature:24)\n"},"stage":"finished","steps":[{"name":"Given Authorized with bearer Token \"Post_missing_additional_fields_null\"","status":"passed","statusDetails":{"known":false,"muted":false,"flaky":false},"stage":"finished","steps":[],"attachments":[],"parameters":[],"start":1711995950453,"stop":1711995950453},{"name":"When Sends HTTP Post batch request with valid endpoints and Read data \"null\" \"SDETrests\" 4 \"active\" 16306","status":"passed","statusDetails":{"known":false,"muted":false,"flaky":false},"stage":"finished","steps":[],"attachments":[],"parameters":[],"start":1711995950454,"stop":1711995950662},{"name":"Then Gets  201 with batch response body","status":"failed","statusDetails":{"known":false,"muted":false,"flaky":false,"message":" Expected status code returned expected [201] but found [400]","trace":"java.lang.AssertionError:  Expected status code returned expected [201] but found [400]\n\tat org.testng.Assert.fail(Assert.java:111)\n\tat org.testng.Assert.failNotEquals(Assert.java:1578)\n\tat org.testng.Assert.assertEqualsImpl(Assert.java:150)\n\tat org.testng.Assert.assertEquals(Assert.java:132)\n\tat org.testng.Assert.assertEquals(Assert.java:1419)\n\tat org.testng.Assert.assertEquals(Assert.java:1407)\n\tat stepDefinations.Batch.gets_with_batch_response_body(Batch.java:170)\n\tat ✽.Gets  201 with batch response body(file:///Users/sathishkumar/git/RestAssured/src/test/resources/Features/D_programbatch.feature:24)\n"},"stage":"finished","steps":[],"attachments":[],"parameters":[],"start":1711995950662,"stop":1711995950663}],"attachments":[],"parameters":[{"name":"scenario","value":"Post_missing_additional_fields_null"},{"name":"Batchdescription","value":"null"},{"name":"Batchname","value":"SDETrests"},{"name":"Batchnoclasses","value":"4"},{"name":"Batchstatus","value":"active"},{"name":"programID","value":"16306"},{"name":"statuscode","value":"201"}],"start":1711995950453,"stop":1711995950663}