{"uuid":"d02f3a6b-bb15-474b-91aa-e042efb3c437","historyId":"b7c9683a9b9d6f344b493f6078e0b720","testCaseId":"dc4e9e92fb6ee71c83845d93b0b81906","fullName":"src/test/resources/Features/programbatch.feature:33","labels":[{"name":"tag","value":"batch"},{"name":"host","value":"Sathishs-MacBook-Air.local"},{"name":"thread","value":"4973@Sathishs-MacBook-Air.local.main(1)"},{"name":"feature","value":"Post Request Program Batch module"},{"name":"story","value":"create batches with different examples"},{"name":"suite","value":"Post Request Program Batch module"},{"name":"testClass","value":"create batches with different examples"},{"name":"framework","value":"cucumber4jvm"},{"name":"language","value":"java"},{"name":"gherkin_uri","value":"file:///Users/sathishkumar/git/RestAssured/src/test/resources/Features/programbatch.feature"},{"name":"package","value":"src.test.resources.Features.programbatch_feature.Post Request Program Batch module"}],"links":[],"name":"create batches with different examples","status":"failed","statusDetails":{"known":false,"muted":false,"flaky":false,"message":" Expected status code returned expected [400] but found [401]","trace":"java.lang.AssertionError:  Expected status code returned expected [400] but found [401]\n\tat org.testng.Assert.fail(Assert.java:111)\n\tat org.testng.Assert.failNotEquals(Assert.java:1578)\n\tat org.testng.Assert.assertEqualsImpl(Assert.java:150)\n\tat org.testng.Assert.assertEquals(Assert.java:132)\n\tat org.testng.Assert.assertEquals(Assert.java:1419)\n\tat org.testng.Assert.assertEquals(Assert.java:1407)\n\tat stepDefinations.Batch.gets_with_batch_response_body(Batch.java:169)\n\tat ✽.Gets  400 with batch response body(file:///Users/sathishkumar/git/RestAssured/src/test/resources/Features/programbatch.feature:24)\n"},"stage":"finished","steps":[{"name":"Given Authorized with bearer Token \"Invalid_Progam_Id\"","status":"passed","statusDetails":{"known":false,"muted":false,"flaky":false},"stage":"finished","steps":[],"attachments":[],"parameters":[],"start":1711972966919,"stop":1711972966919},{"name":"When Sends HTTP Post batch request with valid endpoints and Read data \"API_hackathon_march24\" \"SDET\" 4 \"active\" 16900","status":"passed","statusDetails":{"known":false,"muted":false,"flaky":false},"stage":"finished","steps":[],"attachments":[],"parameters":[],"start":1711972966919,"stop":1711972967137},{"name":"Then Gets  400 with batch response body","status":"failed","statusDetails":{"known":false,"muted":false,"flaky":false,"message":" Expected status code returned expected [400] but found [401]","trace":"java.lang.AssertionError:  Expected status code returned expected [400] but found [401]\n\tat org.testng.Assert.fail(Assert.java:111)\n\tat org.testng.Assert.failNotEquals(Assert.java:1578)\n\tat org.testng.Assert.assertEqualsImpl(Assert.java:150)\n\tat org.testng.Assert.assertEquals(Assert.java:132)\n\tat org.testng.Assert.assertEquals(Assert.java:1419)\n\tat org.testng.Assert.assertEquals(Assert.java:1407)\n\tat stepDefinations.Batch.gets_with_batch_response_body(Batch.java:169)\n\tat ✽.Gets  400 with batch response body(file:///Users/sathishkumar/git/RestAssured/src/test/resources/Features/programbatch.feature:24)\n"},"stage":"finished","steps":[],"attachments":[],"parameters":[],"start":1711972967138,"stop":1711972967140}],"attachments":[],"parameters":[{"name":"scenario","value":"Invalid_Progam_Id"},{"name":"Batchdescription","value":"API_hackathon_march24"},{"name":"Batchname","value":"SDET"},{"name":"Batchnoclasses","value":"4"},{"name":"Batchstatus","value":"active"},{"name":"programID","value":"16900"},{"name":"statuscode","value":"400"}],"start":1711972966914,"stop":1711972967141}