{"uuid":"fabdd04c-1483-4227-80d1-b248ba2bfc84","historyId":"b7eb556173124156db83112a5cf56ae8","testCaseId":"dc4e9e92fb6ee71c83845d93b0b81906","fullName":"src/test/resources/Features/programbatch.feature:28","labels":[{"name":"tag","value":"batch"},{"name":"host","value":"Sathishs-MacBook-Air.local"},{"name":"thread","value":"4973@Sathishs-MacBook-Air.local.main(1)"},{"name":"feature","value":"Post Request Program Batch module"},{"name":"story","value":"create batches with different examples"},{"name":"suite","value":"Post Request Program Batch module"},{"name":"testClass","value":"create batches with different examples"},{"name":"framework","value":"cucumber4jvm"},{"name":"language","value":"java"},{"name":"gherkin_uri","value":"file:///Users/sathishkumar/git/RestAssured/src/test/resources/Features/programbatch.feature"},{"name":"package","value":"src.test.resources.Features.programbatch_feature.Post Request Program Batch module"}],"links":[],"name":"create batches with different examples","status":"failed","statusDetails":{"known":false,"muted":false,"flaky":false,"message":" Expected status code returned expected [201] but found [401]","trace":"java.lang.AssertionError:  Expected status code returned expected [201] but found [401]\n\tat org.testng.Assert.fail(Assert.java:111)\n\tat org.testng.Assert.failNotEquals(Assert.java:1578)\n\tat org.testng.Assert.assertEqualsImpl(Assert.java:150)\n\tat org.testng.Assert.assertEquals(Assert.java:132)\n\tat org.testng.Assert.assertEquals(Assert.java:1419)\n\tat org.testng.Assert.assertEquals(Assert.java:1407)\n\tat stepDefinations.Batch.gets_with_batch_response_body(Batch.java:169)\n\tat ✽.Gets  201 with batch response body(file:///Users/sathishkumar/git/RestAssured/src/test/resources/Features/programbatch.feature:24)\n"},"stage":"finished","steps":[{"name":"Given Authorized with bearer Token \"Create_batch_with_new_data\"","status":"passed","statusDetails":{"known":false,"muted":false,"flaky":false},"stage":"finished","steps":[],"attachments":[],"parameters":[],"start":1711972965780,"stop":1711972965780},{"name":"When Sends HTTP Post batch request with valid endpoints and Read data \"API_hackathon_march24\" \"SDETbatchess\" 4 \"active\" 16306","status":"passed","statusDetails":{"known":false,"muted":false,"flaky":false},"stage":"finished","steps":[],"attachments":[],"parameters":[],"start":1711972965780,"stop":1711972965984},{"name":"Then Gets  201 with batch response body","status":"failed","statusDetails":{"known":false,"muted":false,"flaky":false,"message":" Expected status code returned expected [201] but found [401]","trace":"java.lang.AssertionError:  Expected status code returned expected [201] but found [401]\n\tat org.testng.Assert.fail(Assert.java:111)\n\tat org.testng.Assert.failNotEquals(Assert.java:1578)\n\tat org.testng.Assert.assertEqualsImpl(Assert.java:150)\n\tat org.testng.Assert.assertEquals(Assert.java:132)\n\tat org.testng.Assert.assertEquals(Assert.java:1419)\n\tat org.testng.Assert.assertEquals(Assert.java:1407)\n\tat stepDefinations.Batch.gets_with_batch_response_body(Batch.java:169)\n\tat ✽.Gets  201 with batch response body(file:///Users/sathishkumar/git/RestAssured/src/test/resources/Features/programbatch.feature:24)\n"},"stage":"finished","steps":[],"attachments":[],"parameters":[],"start":1711972965985,"stop":1711972965987}],"attachments":[],"parameters":[{"name":"scenario","value":"Create_batch_with_new_data"},{"name":"Batchdescription","value":"API_hackathon_march24"},{"name":"Batchname","value":"SDETbatchess"},{"name":"Batchnoclasses","value":"4"},{"name":"Batchstatus","value":"active"},{"name":"programID","value":"16306"},{"name":"statuscode","value":"201"}],"start":1711972965776,"stop":1711972965988}