{"uuid":"fec4d2cf-7f68-4866-ba9d-4e03d027ab7c","historyId":"a882db0669633a7cc97a051fbfd83b66","testCaseId":"a7fc042a1cc84951de694cc4b736d618","fullName":"src/test/resources/Features/C_programbatch.feature:31","labels":[{"name":"tag","value":"batch"},{"name":"host","value":"Sathishs-MacBook-Air.local"},{"name":"thread","value":"12039@Sathishs-MacBook-Air.local.main(1)"},{"name":"feature","value":"Post Request Program Batch module"},{"name":"story","value":"create batches with different examples"},{"name":"suite","value":"Post Request Program Batch module"},{"name":"testClass","value":"create batches with different examples"},{"name":"framework","value":"cucumber4jvm"},{"name":"language","value":"java"},{"name":"gherkin_uri","value":"file:///Users/sathishkumar/git/RestAssured/src/test/resources/Features/C_programbatch.feature"},{"name":"package","value":"src.test.resources.Features.C_programbatch_feature.Post Request Program Batch module"}],"links":[],"name":"create batches with different examples","status":"failed","statusDetails":{"known":false,"muted":false,"flaky":false,"message":" Expected status code returned expected [201] but found [400]","trace":"java.lang.AssertionError:  Expected status code returned expected [201] but found [400]\n\tat org.testng.Assert.fail(Assert.java:111)\n\tat org.testng.Assert.failNotEquals(Assert.java:1578)\n\tat org.testng.Assert.assertEqualsImpl(Assert.java:150)\n\tat org.testng.Assert.assertEquals(Assert.java:132)\n\tat org.testng.Assert.assertEquals(Assert.java:1419)\n\tat org.testng.Assert.assertEquals(Assert.java:1407)\n\tat stepDefinations.Batch.gets_with_batch_response_body(Batch.java:173)\n\tat ✽.Gets  201 with batch response body(file:///Users/sathishkumar/git/RestAssured/src/test/resources/Features/C_programbatch.feature:24)\n"},"stage":"finished","steps":[{"name":"Given Authorized with bearer Token \"Post_missing_additional_fields_null\"","status":"passed","statusDetails":{"known":false,"muted":false,"flaky":false},"stage":"finished","steps":[],"attachments":[],"parameters":[],"start":1712024008732,"stop":1712024008733},{"name":"When Sends HTTP Post batch request with valid endpoints and Read data \"null\" \"SDETrestss1\" 4 \"active\" 17204","status":"passed","statusDetails":{"known":false,"muted":false,"flaky":false},"stage":"finished","steps":[],"attachments":[],"parameters":[],"start":1712024008733,"stop":1712024008974},{"name":"Then Gets  201 with batch response body","status":"failed","statusDetails":{"known":false,"muted":false,"flaky":false,"message":" Expected status code returned expected [201] but found [400]","trace":"java.lang.AssertionError:  Expected status code returned expected [201] but found [400]\n\tat org.testng.Assert.fail(Assert.java:111)\n\tat org.testng.Assert.failNotEquals(Assert.java:1578)\n\tat org.testng.Assert.assertEqualsImpl(Assert.java:150)\n\tat org.testng.Assert.assertEquals(Assert.java:132)\n\tat org.testng.Assert.assertEquals(Assert.java:1419)\n\tat org.testng.Assert.assertEquals(Assert.java:1407)\n\tat stepDefinations.Batch.gets_with_batch_response_body(Batch.java:173)\n\tat ✽.Gets  201 with batch response body(file:///Users/sathishkumar/git/RestAssured/src/test/resources/Features/C_programbatch.feature:24)\n"},"stage":"finished","steps":[],"attachments":[],"parameters":[],"start":1712024008974,"stop":1712024008975}],"attachments":[],"parameters":[{"name":"scenario","value":"Post_missing_additional_fields_null"},{"name":"Batchdescription","value":"null"},{"name":"Batchname","value":"SDETrestss1"},{"name":"Batchnoclasses","value":"4"},{"name":"Batchstatus","value":"active"},{"name":"programID","value":"17204"},{"name":"statuscode","value":"201"}],"start":1712024008732,"stop":1712024008975}